<?xml version="1.0" encoding="UTF-8"?>
<!-- Generated by org.testng.reporters.JUnitReportReporter -->
<testsuite hostname="Serendipity" failures="0" tests="1" name="TestNG.ListenerTestClass" time="8.988" errors="0" timestamp="2024-02-27T10:17:10 IST" skipped="0">
  <testcase classname="TestNG.ListenerTestClass" name="Chrome" time="8.988"/>
  <system-out/>
</testsuite> <!-- TestNG.ListenerTestClass -->
