<?xml version="1.0" encoding="UTF-8"?>
<!-- Generated by org.testng.reporters.JUnitReportReporter -->
<testsuite hostname="Serendipity" failures="0" tests="3" name="TestNG.EnableFalse" time="0.021" errors="0" timestamp="2024-02-26T14:30:24 IST" skipped="1">
  <testcase classname="TestNG.EnableFalse" name="TestCase3" time="0.018"/>
  <system-out/>
  <testcase classname="TestNG.EnableFalse" name="TestCase2" time="0.003"/>
  <system-out/>
  <testcase classname="TestNG.EnableFalse" name="TestCase1">
    <skipped/>
  </testcase> <!-- TestCase1 -->
  <system-out/>
</testsuite> <!-- TestNG.EnableFalse -->
