<?xml version="1.0" encoding="UTF-8"?>
<!-- Generated by org.testng.reporters.JUnitReportReporter -->
<testsuite hostname="Serendipity" failures="0" tests="3" name="TestNG.PriorityTesting" time="0.023" errors="0" timestamp="2024-02-26T14:28:37 IST" skipped="0">
  <testcase classname="TestNG.PriorityTesting" name="TestCase1" time="0.020"/>
  <system-out/>
  <testcase classname="TestNG.PriorityTesting" name="TestCase3" time="0.001"/>
  <system-out/>
  <testcase classname="TestNG.PriorityTesting" name="TestCase2" time="0.002"/>
  <system-out/>
</testsuite> <!-- TestNG.PriorityTesting -->
