<?xml version="1.0" encoding="UTF-8"?>
<!-- Generated by org.testng.reporters.JUnitReportReporter -->
<testsuite hostname="Serendipity" failures="0" tests="1" name="TestNG.InvokeChrome" time="3.477" errors="0" timestamp="2024-02-27T10:24:38 IST" skipped="0">
  <testcase classname="TestNG.InvokeChrome" name="Chrome" time="3.477"/>
  <system-out/>
</testsuite> <!-- TestNG.InvokeChrome -->
