<?xml version="1.0" encoding="UTF-8"?>
<!-- Generated by org.testng.reporters.JUnitReportReporter -->
<testsuite hostname="Serendipity" failures="0" tests="1" name="TestNG.SoftAssertEg" time="11.704" errors="0" timestamp="2024-02-26T16:08:50 IST" skipped="0">
  <testcase classname="TestNG.SoftAssertEg" name="testAssert" time="11.704"/>
  <system-out/>
</testsuite> <!-- TestNG.SoftAssertEg -->
