<?xml version="1.0" encoding="UTF-8"?>
<!-- Generated by org.testng.reporters.JUnitReportReporter -->
<testsuite hostname="Serendipity" failures="0" tests="4" name="TestNG.AnnotationsEG" time="0.021" errors="0" timestamp="2024-02-27T10:54:41 IST" skipped="0">
  <testcase classname="TestNG.AnnotationsEG" name="testCase4" time="0.005"/>
  <system-out/>
  <testcase classname="TestNG.AnnotationsEG" name="testCase2" time="0.004"/>
  <system-out/>
  <testcase classname="TestNG.AnnotationsEG" name="testCase1" time="0.009"/>
  <system-out/>
  <testcase classname="TestNG.AnnotationsEG" name="testCase3" time="0.003"/>
  <system-out/>
</testsuite> <!-- TestNG.AnnotationsEG -->
