<?xml version="1.0" encoding="UTF-8"?>
<!-- Generated by org.testng.reporters.JUnitReportReporter -->
<testsuite hostname="Serendipity" failures="0" tests="3" name="TestNG.DependsOnMethodsEg" time="0.023" errors="0" timestamp="2024-02-26T14:32:22 IST" skipped="0">
  <testcase classname="TestNG.DependsOnMethodsEg" name="TestCase3" time="0.003"/>
  <system-out/>
  <testcase classname="TestNG.DependsOnMethodsEg" name="TestCase1" time="0.003"/>
  <system-out/>
  <testcase classname="TestNG.DependsOnMethodsEg" name="TestCase2" time="0.017"/>
  <system-out/>
</testsuite> <!-- TestNG.DependsOnMethodsEg -->
