<?xml version="1.0" encoding="UTF-8"?>
<!-- Generated by org.testng.reporters.JUnitReportReporter -->
<testsuite hostname="Serendipity" failures="0" tests="2" name="TestNG.Parallel_testing" time="18.358" errors="0" timestamp="2024-02-27T10:00:00 IST" skipped="0">
  <testcase classname="TestNG.Parallel_testing" name="Edge" time="11.381"/>
  <system-out/>
  <testcase classname="TestNG.Parallel_testing" name="chrome" time="6.977"/>
  <system-out/>
</testsuite> <!-- TestNG.Parallel_testing -->
