<?xml version="1.0" encoding="UTF-8"?>
<!-- Generated by org.testng.reporters.JUnitReportReporter -->
<testsuite hostname="Serendipity" failures="0" tests="4" name="TestNG.grouping" time="0.049" errors="0" timestamp="2024-02-26T15:15:25 IST" skipped="0">
  <testcase classname="TestNG.grouping" name="addtocart" time="0.021"/>
  <system-out/>
  <testcase classname="TestNG.grouping" name="checkout" time="0.021"/>
  <system-out/>
  <testcase classname="TestNG.grouping" name="product" time="0.004"/>
  <system-out/>
  <testcase classname="TestNG.grouping" name="login" time="0.003"/>
  <system-out/>
</testsuite> <!-- TestNG.grouping -->
