<?xml version="1.0" encoding="UTF-8"?>
<!-- Generated by org.testng.reporters.JUnitReportReporter -->
<testsuite hostname="Serendipity" failures="0" tests="1" name="TestNG.InvokeEdge" time="7.222" errors="0" timestamp="2024-02-27T10:30:12 IST" skipped="0">
  <testcase classname="TestNG.InvokeEdge" name="Edge" time="7.222"/>
  <system-out/>
</testsuite> <!-- TestNG.InvokeEdge -->
